[2025/7/24 14:44:05] [2025/7/24 14:44:05] 🔧 ModuleLoader | 📋 設定読み込み完了 | バージョン: 2.0
[2025/7/24 14:44:05] [2025/7/24 14:44:05] 🔧 ModuleLoader | 📋 許可アプリリスト読み込み完了 | 8個のアプリが許可されています
[2025/7/24 14:44:05] [2025/7/24 14:44:05] 🔧 ModuleLoader | 🔧 許可アプリ: money, time, weight, health, todo, note, memo, calc
[2025/7/24 14:44:05] [2025/7/24 14:44:05] 🔧 ModuleLoader | 🔧 モジュールローダー初期化完了
[2025/7/24 14:44:05] 🚀 CommonTemplate v2.0.0 初期化完了 | アプリ: SmartPersonalManager
[2025/7/24 14:44:05] 🔄 v1.0.0 互換性モード対応
[2025/7/24 14:44:05] 🌟 SmartPersonalManager サーバー起動完了 | Port: 3001
[2025/7/24 14:44:05] 🔗 アクセス先: http://localhost:3001
[2025/7/24 14:44:05] [2025/7/24 14:44:05] 🔧 ModuleLoader | 🚀 有効アプリ読み込み開始 | 対象: money, time, weight, memo, calc
[2025/7/24 14:44:05] 💰 MoneyApp | 🎯 サンプルデータ生成完了 | 10件追加
[2025/7/24 14:44:05] 💰 MoneyApp | 💰 お金管理アプリモジュール初期化完了
[2025/7/24 14:44:05] [2025/7/24 14:44:05] 🔧 ModuleLoader | ✅ アプリ読み込み成功 | money | バージョン: 2.0.0
[2025/7/24 14:44:05] ⏰ サンプルデータ生成完了 | 8件追加
[2025/7/24 14:44:05] ⏰ 時間管理アプリモジュール初期化完了
[2025/7/24 14:44:05] [2025/7/24 14:44:05] 🔧 ModuleLoader | ✅ アプリ読み込み成功 | time | バージョン: 2.0.0
[2025/7/24 14:44:05] ⚖️ サンプルデータ生成完了 | 30件追加
[2025/7/24 14:44:05] ⚖️ 体重管理アプリモジュール初期化完了
[2025/7/24 14:44:05] [2025/7/24 14:44:05] 🔧 ModuleLoader | ✅ アプリ読み込み成功 | weight | バージョン: 2.0.0
[2025/7/24 14:44:05] 📝 サンプルデータ生成完了 | 5件追加
[2025/7/24 14:44:05] 📝 メモ管理アプリモジュール初期化完了
[2025/7/24 14:44:05] [2025/7/24 14:44:05] 🔧 ModuleLoader | ✅ アプリ読み込み成功 | memo | バージョン: 2.0.0
[2025/7/24 14:44:05] 🧮 CalcApp | 🎯 サンプルデータ生成完了 | 5件追加
[2025/7/24 14:44:05] 🧮 CalcApp | 🧮 計算機アプリモジュール初期化完了
[2025/7/24 14:44:05] [2025/7/24 14:44:05] 🔧 ModuleLoader | ✅ アプリ読み込み成功 | calc | バージョン: 2.0.0
[2025/7/24 14:44:05] [2025/7/24 14:44:05] 🔧 ModuleLoader | ✅ アプリ読み込み完了 | 成功: 5/5
[2025/7/24 14:44:05] 📦 モジュール読み込み完了 | 成功: 5/5

🎉 スマート単一フォルダ構成テンプレート起動完了

📋 有効なアプリ:
   💰 お金管理 (money) - v2.0.0
   ⏰ 時間管理 (time) - v2.0.0
   ⚖️ 体重管理 (weight) - v2.0.0
   📝 メモ管理 (memo) - v2.0.0
   🧮 計算機 (calc) - v2.0.0

🔗 アクセス先:
   http://localhost:3001

⚙️ 設定変更:
   config.json を編集後、サーバーを再起動してください

[2025/7/24 14:46:10] 📡 GET /api/health | IP: ::1
[2025/7/24 14:53:50] 📡 GET / | IP: ::1
[2025/7/24 14:53:51] 📡 GET /api/firebase-config | IP: ::1
[2025/7/24 14:53:51] 🔥 Firebase設定を提供
[2025/7/24 14:53:51] 📡 GET /api/info | IP: ::1
[2025/7/24 14:53:51] 📡 GET /api/config | IP: ::1
[2025/7/24 14:53:52] 📡 GET /api/config | IP: ::1
[2025/7/24 14:54:08] 📡 GET /api/config | IP: ::1
[2025/7/24 14:54:08] 📡 POST /api/config | IP: ::1
[2025/7/24 14:54:08] [2025/7/24 14:54:08] 🔧 ModuleLoader | ⚙️ 設定更新完了
[2025/7/24 14:54:11] 📡 GET / | IP: ::1
[2025/7/24 14:54:12] 📡 GET /api/firebase-config | IP: ::1
[2025/7/24 14:54:12] 🔥 Firebase設定を提供
[2025/7/24 14:54:12] 📡 GET /api/info | IP: ::1
[2025/7/24 14:54:12] 📡 GET /api/config | IP: ::1
[2025/7/24 14:54:13] 📡 GET /api/config | IP: ::1
[2025/7/24 14:54:19] 📡 GET /api/calc/history | IP: ::1
[2025/7/24 14:54:19] 📡 GET /api/calc/history | IP: ::1
[2025/7/24 14:54:25] 📡 POST /api/calc/calculate | IP: ::1
[2025/7/24 14:54:25] 🧮 CalcApp | 🧮 計算実行 | 3 + 5 = 8
[2025/7/24 14:54:25] 📡 GET /api/calc/history | IP: ::1
[2025/7/24 14:54:36] 📡 GET /api/config | IP: ::1
[2025/7/24 15:01:25] 🛑 サーバー終了処理開始
[2025/7/24 15:01:25] 💰 MoneyApp | 🧹 お金管理アプリ クリーンアップ開始
[2025/7/24 15:01:25] 💰 MoneyApp | ✅ お金管理アプリ クリーンアップ完了
[2025/7/24 15:01:25] [2025/7/24 15:01:25] 🔧 ModuleLoader | 🗑️ アプリアンロード完了 | money
[2025/7/24 15:01:25] [2025/7/24 15:01:25] 🔧 ModuleLoader | 🗑️ アプリアンロード完了 | time
[2025/7/24 15:01:25] [2025/7/24 15:01:25] 🔧 ModuleLoader | 🗑️ アプリアンロード完了 | weight
[2025/7/24 15:01:25] [2025/7/24 15:01:25] 🔧 ModuleLoader | 🗑️ アプリアンロード完了 | memo
[2025/7/24 15:01:25] 🧮 CalcApp | 🧹 計算機アプリ クリーンアップ開始
[2025/7/24 15:01:25] 🧮 CalcApp | ✅ 計算機アプリ クリーンアップ完了
[2025/7/24 15:01:25] [2025/7/24 15:01:25] 🔧 ModuleLoader | 🗑️ アプリアンロード完了 | calc
[2025/7/24 15:01:25] ✅ サーバー終了完了
