[2025/7/24 10:22:05] [2025/7/24 10:22:05] 🔧 ModuleLoader | 📋 設定読み込み完了 | バージョン: 2.0
[2025/7/24 10:22:05] [2025/7/24 10:22:05] 🔧 ModuleLoader | 🔧 モジュールローダー初期化完了
[2025/7/24 10:22:05] 🚀 CommonTemplate v2.0.0 初期化完了 | アプリ: SmartPersonalManager
[2025/7/24 10:22:05] 🔄 v1.0.0 互換性モード対応
[2025/7/24 10:22:05] 🌟 SmartPersonalManager サーバー起動完了 | Port: 3001
[2025/7/24 10:22:05] 🔗 アクセス先: http://localhost:3001
[2025/7/24 10:22:05] [2025/7/24 10:22:05] 🔧 ModuleLoader | 🚀 有効アプリ読み込み開始 | 対象: money, time, weight
[2025/7/24 10:22:05] 💰 MoneyApp | 🎯 サンプルデータ生成完了 | 10件追加
[2025/7/24 10:22:05] 💰 MoneyApp | 💰 お金管理アプリモジュール初期化完了
[2025/7/24 10:22:05] [2025/7/24 10:22:05] 🔧 ModuleLoader | ✅ アプリ読み込み成功 | money | バージョン: 2.0.0
[2025/7/24 10:22:05] ⏰ TimeApp | 🎯 サンプルデータ生成完了 | 8件追加
[2025/7/24 10:22:05] ⏰ TimeApp | ⏰ 時間管理アプリモジュール初期化完了
[2025/7/24 10:22:05] [2025/7/24 10:22:05] 🔧 ModuleLoader | ✅ アプリ読み込み成功 | time | バージョン: 2.0.0
[2025/7/24 10:22:05] ⚖️ WeightApp | 🎯 サンプルデータ生成完了 | 30件追加
[2025/7/24 10:22:05] ⚖️ WeightApp | ⚖️ 体重管理アプリモジュール初期化完了
[2025/7/24 10:22:05] [2025/7/24 10:22:05] 🔧 ModuleLoader | ✅ アプリ読み込み成功 | weight | バージョン: 2.0.0
[2025/7/24 10:22:05] [2025/7/24 10:22:05] 🔧 ModuleLoader | ✅ アプリ読み込み完了 | 成功: 3/3
[2025/7/24 10:22:05] 📦 モジュール読み込み完了 | 成功: 3/3

🎉 スマート単一フォルダ構成テンプレート起動完了

📋 有効なアプリ:
   💰 お金管理 (money) - v2.0.0
   ⏰ 時間管理 (time) - v2.0.0
   ⚖️ 体重管理 (weight) - v2.0.0

🔗 アクセス先:
   http://localhost:3001

⚙️ 設定変更:
   config.json を編集後、サーバーを再起動してください

[2025/7/24 10:22:13] 📡 GET / | IP: ::1
[2025/7/24 10:22:27] 📡 GET / | IP: ::1
[2025/7/24 10:22:27] 📡 GET /api/firebase-config | IP: ::1
[2025/7/24 10:22:27] 🔥 Firebase設定を提供
[2025/7/24 10:22:28] 📡 GET /api/info | IP: ::1
[2025/7/24 10:22:28] 📡 GET /api/config | IP: ::1
[2025/7/24 10:22:57] 📡 GET /api/health | IP: ::1
[2025/7/24 10:22:59] 📡 POST /api/generate-log | IP: ::1
[2025/7/24 10:22:59] 📄 ログファイル生成 | smartpersonalmanager_log_2025-07-24T01-22-59-861Z.json
[2025/7/24 10:23:02] 📡 POST /api/money/sample-data | IP: ::1
[2025/7/24 10:23:02] 💰 MoneyApp | 🎯 サンプルデータ生成完了 | 10件追加
[2025/7/24 10:23:02] 📡 POST /api/time/sample-data | IP: ::1
[2025/7/24 10:23:02] ⏰ TimeApp | 🎯 サンプルデータ生成完了 | 8件追加
[2025/7/24 10:23:02] 📡 POST /api/weight/sample-data | IP: ::1
[2025/7/24 10:23:02] ⚖️ WeightApp | 🎯 サンプルデータ生成完了 | 30件追加
[2025/7/24 10:23:11] 📡 POST /api/generate-log | IP: ::1
[2025/7/24 10:23:11] 📄 ログファイル生成 | smartpersonalmanager_log_2025-07-24T01-23-11-371Z.json
[2025/7/24 10:23:20] 📡 POST /api/money/sample-data | IP: ::1
[2025/7/24 10:23:20] 💰 MoneyApp | 🎯 サンプルデータ生成完了 | 10件追加
[2025/7/24 10:23:20] 📡 POST /api/time/sample-data | IP: ::1
[2025/7/24 10:23:20] ⏰ TimeApp | 🎯 サンプルデータ生成完了 | 8件追加
[2025/7/24 10:23:20] 📡 POST /api/weight/sample-data | IP: ::1
[2025/7/24 10:23:20] ⚖️ WeightApp | 🎯 サンプルデータ生成完了 | 30件追加
[2025/7/24 10:23:22] 📡 POST /api/generate-log | IP: ::1
[2025/7/24 10:23:22] 📄 ログファイル生成 | smartpersonalmanager_log_2025-07-24T01-23-22-410Z.json
[2025/7/24 10:23:52] 📡 POST /api/money/sample-data | IP: ::1
[2025/7/24 10:23:52] 💰 MoneyApp | 🎯 サンプルデータ生成完了 | 10件追加
[2025/7/24 10:23:56] 📡 POST /api/time/sample-data | IP: ::1
[2025/7/24 10:23:56] ⏰ TimeApp | 🎯 サンプルデータ生成完了 | 8件追加
[2025/7/24 10:23:58] 📡 POST /api/weight/sample-data | IP: ::1
[2025/7/24 10:23:58] ⚖️ WeightApp | 🎯 サンプルデータ生成完了 | 30件追加
[2025/7/24 10:25:01] 📡 POST /api/generate-log | IP: ::1
[2025/7/24 10:25:01] 📄 ログファイル生成 | smartpersonalmanager_log_2025-07-24T01-25-01-238Z.json
[2025/7/24 10:26:42] 📡 GET /api/firebase-config | IP: ::1
[2025/7/24 10:26:42] 🔥 Firebase設定を提供
[2025/7/24 10:30:55] 📡 GET /api/firebase-config | IP: ::1
[2025/7/24 10:30:55] 🔥 Firebase設定を提供
[2025/7/24 10:31:01] 📡 GET / | IP: ::1
[2025/7/24 10:31:17] 📡 GET / | IP: ::1
[2025/7/24 10:31:25] 📡 POST /api/money/save | IP: ::1
[2025/7/24 10:33:11] 📡 GET /api/money/data | IP: ::1
[2025/7/24 10:33:28] 📡 POST /api/generate-test-log | IP: ::1
[2025/7/24 10:33:28] 🧪 テスト用ログ生成開始
[2025/7/24 10:33:28] 📊 サンプルデータ処理中...
[2025/7/24 10:33:28] ✅ テスト処理完了
[2025/7/24 10:33:28] 📄 テスト用ログファイル生成完了 | test_log_2025-07-24T01-33-28-237Z.json
[2025/7/24 10:33:51] 📡 GET / | IP: ::1
[2025/7/24 10:33:57] 📡 GET / | IP: ::1
[2025/7/24 10:36:07] 📡 GET / | IP: ::1
[2025/7/24 10:36:07] 📡 GET /api/firebase-config | IP: ::1
[2025/7/24 10:36:07] 🔥 Firebase設定を提供
[2025/7/24 10:36:07] 📡 GET /api/info | IP: ::1
[2025/7/24 10:36:07] 📡 GET /api/config | IP: ::1
[2025/7/24 10:36:14] 📡 GET / | IP: ::1
[2025/7/24 10:36:14] 📡 GET /api/firebase-config | IP: ::1
[2025/7/24 10:36:14] 🔥 Firebase設定を提供
[2025/7/24 10:36:14] 📡 GET /api/info | IP: ::1
[2025/7/24 10:36:14] 📡 GET /api/config | IP: ::1
[2025/7/24 10:38:01] 📡 GET / | IP: ::1
[2025/7/24 10:38:07] 📡 GET / | IP: ::1
[2025/7/24 10:42:57] 📡 GET / | IP: ::1
[2025/7/24 10:45:20] 📡 GET / | IP: ::1
[2025/7/24 10:46:11] 📡 GET / | IP: ::1
[2025/7/24 10:48:06] 📡 GET / | IP: ::1
[2025/7/24 10:51:37] 📡 GET / | IP: ::1
[2025/7/24 10:52:43] 🛑 サーバー終了処理開始
[2025/7/24 10:52:43] 💰 MoneyApp | 🧹 お金管理アプリ クリーンアップ開始
[2025/7/24 10:52:43] 💰 MoneyApp | ✅ お金管理アプリ クリーンアップ完了
[2025/7/24 10:52:43] [2025/7/24 10:52:43] 🔧 ModuleLoader | 🗑️ アプリアンロード完了 | money
[2025/7/24 10:52:43] ⏰ TimeApp | 🧹 時間管理アプリ クリーンアップ開始
[2025/7/24 10:52:43] ⏰ TimeApp | ✅ 時間管理アプリ クリーンアップ完了
[2025/7/24 10:52:43] [2025/7/24 10:52:43] 🔧 ModuleLoader | 🗑️ アプリアンロード完了 | time
[2025/7/24 10:52:43] ⚖️ WeightApp | 🧹 体重管理アプリ クリーンアップ開始
[2025/7/24 10:52:43] ⚖️ WeightApp | ✅ 体重管理アプリ クリーンアップ完了
[2025/7/24 10:52:43] [2025/7/24 10:52:43] 🔧 ModuleLoader | 🗑️ アプリアンロード完了 | weight
[2025/7/24 10:52:43] ✅ サーバー終了完了
