[2025/7/25 10:27:55] [2025/7/25 10:27:55] 🔧 ModuleLoader | 📋 設定読み込み完了 | バージョン: 0.9
[2025/7/25 10:27:55] [2025/7/25 10:27:55] 🔧 ModuleLoader | 📋 許可アプリリスト読み込み完了 | 9個のアプリが許可されています
[2025/7/25 10:27:55] [2025/7/25 10:27:55] 🔧 ModuleLoader | 🔧 許可アプリ: money, time, weight, health, todo, note, memo, calc, simple
[2025/7/25 10:27:55] [2025/7/25 10:27:55] 🔧 ModuleLoader | 🔧 モジュールローダー初期化完了
[2025/7/25 10:27:55] 🚀 CommonTemplate v2.0.0 初期化完了 | アプリ: SmartPersonalManager
[2025/7/25 10:27:55] 🔄 v1.0.0 互換性モード対応
[2025/7/25 10:27:55] 🌟 SmartPersonalManager サーバー起動完了 | Port: 3001
[2025/7/25 10:27:55] 🔗 アクセス先: http://localhost:3001
[2025/7/25 10:27:55] [2025/7/25 10:27:55] 🔧 ModuleLoader | 🚀 有効アプリ読み込み開始 | 対象: simple, memo
[2025/7/25 10:27:55] 📄 SimpleApp | 🎯 サンプルデータ生成完了 | 4件追加
[2025/7/25 10:27:55] 📄 SimpleApp | 📄 シンプルサンプルアプリモジュール初期化完了
[2025/7/25 10:27:55] [2025/7/25 10:27:55] 🔧 ModuleLoader | ✅ アプリ読み込み成功 | simple | バージョン: 2.0.0
[2025/7/25 10:27:55] 📝 サンプルデータ生成完了 | 5件追加
[2025/7/25 10:27:55] 📝 メモ管理アプリモジュール初期化完了
[2025/7/25 10:27:55] [2025/7/25 10:27:55] 🔧 ModuleLoader | ✅ アプリ読み込み成功 | memo | バージョン: 2.0.0
[2025/7/25 10:27:55] [2025/7/25 10:27:55] 🔧 ModuleLoader | ✅ アプリ読み込み完了 | 成功: 2/2
[2025/7/25 10:27:55] 📦 モジュール読み込み完了 | 成功: 2/2

🎉 スマート単一フォルダ構成テンプレート起動完了

📋 有効なアプリ:
   📄 シンプルサンプル (simple) - v2.0.0
   📝 メモ管理 (memo) - v2.0.0

🔗 アクセス先:
   http://localhost:3001

⚙️ 設定変更:
   config.json を編集後、サーバーを再起動してください

[2025/7/25 10:28:30] 🛑 サーバー終了処理開始
[2025/7/25 10:28:30] 📄 SimpleApp | 🧹 シンプルサンプルアプリ クリーンアップ開始
[2025/7/25 10:28:30] 📄 SimpleApp | ✅ シンプルサンプルアプリ クリーンアップ完了
[2025/7/25 10:28:30] [2025/7/25 10:28:30] 🔧 ModuleLoader | 🗑️ アプリアンロード完了 | simple
[2025/7/25 10:28:30] [2025/7/25 10:28:30] 🔧 ModuleLoader | 🗑️ アプリアンロード完了 | memo
[2025/7/25 10:28:30] ✅ サーバー終了完了
