[2025/7/24 22:54:11] [2025/7/24 22:54:11] 🔧 ModuleLoader | 📋 設定読み込み完了 | バージョン: 0.3
[2025/7/24 22:54:11] [2025/7/24 22:54:11] 🔧 ModuleLoader | 📋 許可アプリリスト読み込み完了 | 9個のアプリが許可されています
[2025/7/24 22:54:11] [2025/7/24 22:54:11] 🔧 ModuleLoader | 🔧 許可アプリ: money, time, weight, health, todo, note, memo, calc, simple
[2025/7/24 22:54:11] [2025/7/24 22:54:11] 🔧 ModuleLoader | 🔧 モジュールローダー初期化完了
[2025/7/24 22:54:11] 🚀 CommonTemplate v2.0.0 初期化完了 | アプリ: SmartPersonalManager
[2025/7/24 22:54:11] 🔄 v1.0.0 互換性モード対応
[2025/7/24 22:54:11] 🌟 SmartPersonalManager サーバー起動完了 | Port: 3001
[2025/7/24 22:54:11] 🔗 アクセス先: http://localhost:3001
[2025/7/24 22:54:11] [2025/7/24 22:54:11] 🔧 ModuleLoader | 🚀 有効アプリ読み込み開始 | 対象: simple
[2025/7/24 22:54:11] 📄 SimpleApp | 🎯 サンプルデータ生成完了 | 3件追加
[2025/7/24 22:54:11] 📄 SimpleApp | 📄 シンプルサンプルアプリモジュール初期化完了
[2025/7/24 22:54:11] [2025/7/24 22:54:11] 🔧 ModuleLoader | ✅ アプリ読み込み成功 | simple | バージョン: 2.0.0
[2025/7/24 22:54:11] [2025/7/24 22:54:11] 🔧 ModuleLoader | ✅ アプリ読み込み完了 | 成功: 1/1
[2025/7/24 22:54:11] 📦 モジュール読み込み完了 | 成功: 1/1

🎉 スマート単一フォルダ構成テンプレート起動完了

📋 有効なアプリ:
   📄 シンプルサンプル (simple) - v2.0.0

🔗 アクセス先:
   http://localhost:3001

⚙️ 設定変更:
   config.json を編集後、サーバーを再起動してください

[2025/7/24 22:56:08] 📡 GET /api/logs/files | IP: ::1
[2025/7/24 22:56:08] 📋 ログファイル一覧取得: 13件
[2025/7/24 22:56:25] 📡 GET /api/logs/content/test-download-2025-07-24.json | IP: ::1
[2025/7/24 22:56:25] 📄 ログファイル読み込み: test-download-2025-07-24.json (21行)
[2025/7/24 22:56:26] 📡 GET /api/simple/data | IP: ::1
[2025/7/24 22:57:35] 📡 GET / | IP: ::1
[2025/7/24 22:57:35] 📡 GET /api/firebase-config | IP: ::1
[2025/7/24 22:57:35] 🔥 Firebase設定を提供
[2025/7/24 22:57:35] 📡 GET /api/info | IP: ::1
[2025/7/24 22:57:35] 📡 GET /api/config | IP: ::1
[2025/7/24 22:57:40] 📡 GET /api/config | IP: ::1
[2025/7/24 22:57:46] 📡 GET /api/logs/files | IP: ::1
[2025/7/24 22:57:46] 📋 ログファイル一覧取得: 13件
[2025/7/24 22:57:57] 📡 GET /api/logs/content/test-download-2025-07-24.json | IP: ::1
[2025/7/24 22:57:57] 📄 ログファイル読み込み: test-download-2025-07-24.json (21行)
[2025/7/24 22:58:14] 📡 GET /api/logs/content/verification-result-2025-07-24.json | IP: ::1
[2025/7/24 22:58:14] 📄 ログファイル読み込み: verification-result-2025-07-24.json (39行)
[2025/7/24 22:58:19] 📡 GET /api/logs/content/test_log_2025-07-24T02-25-07-800Z.json | IP: ::1
[2025/7/24 22:58:19] 📄 ログファイル読み込み: test_log_2025-07-24T02-25-07-800Z.json (59行)
[2025/7/25 5:02:45] 📡 GET /api/logs/files | IP: ::1
[2025/7/25 5:02:45] 📋 ログファイル一覧取得: 13件
[2025/7/25 5:02:45] 📡 GET /api/logs/files | IP: ::1
[2025/7/25 5:02:45] 📋 ログファイル一覧取得: 13件
[2025/7/25 5:06:05] 🛑 サーバー終了処理開始
[2025/7/25 5:06:05] 📄 SimpleApp | 🧹 シンプルサンプルアプリ クリーンアップ開始
[2025/7/25 5:06:05] 📄 SimpleApp | ✅ シンプルサンプルアプリ クリーンアップ完了
[2025/7/25 5:06:05] [2025/7/25 5:06:05] 🔧 ModuleLoader | 🗑️ アプリアンロード完了 | simple
[2025/7/25 5:06:05] ✅ サーバー終了完了
