[2025/7/25 5:06:59] [2025/7/25 5:06:59] 🔧 ModuleLoader | 📋 設定読み込み完了 | バージョン: 0.3
[2025/7/25 5:06:59] [2025/7/25 5:06:59] 🔧 ModuleLoader | 📋 許可アプリリスト読み込み完了 | 9個のアプリが許可されています
[2025/7/25 5:06:59] [2025/7/25 5:06:59] 🔧 ModuleLoader | 🔧 許可アプリ: money, time, weight, health, todo, note, memo, calc, simple
[2025/7/25 5:06:59] [2025/7/25 5:06:59] 🔧 ModuleLoader | 🔧 モジュールローダー初期化完了
[2025/7/25 5:06:59] 🚀 CommonTemplate v2.0.0 初期化完了 | アプリ: SmartPersonalManager
[2025/7/25 5:06:59] 🔄 v1.0.0 互換性モード対応
[2025/7/25 5:06:59] 🌟 SmartPersonalManager サーバー起動完了 | Port: 3001
[2025/7/25 5:06:59] 🔗 アクセス先: http://localhost:3001
[2025/7/25 5:06:59] [2025/7/25 5:06:59] 🔧 ModuleLoader | 🚀 有効アプリ読み込み開始 | 対象: simple
[2025/7/25 5:06:59] 📄 SimpleApp | 🎯 サンプルデータ生成完了 | 3件追加
[2025/7/25 5:06:59] 📄 SimpleApp | 📄 シンプルサンプルアプリモジュール初期化完了
[2025/7/25 5:06:59] [2025/7/25 5:06:59] 🔧 ModuleLoader | ✅ アプリ読み込み成功 | simple | バージョン: 2.0.0
[2025/7/25 5:06:59] [2025/7/25 5:06:59] 🔧 ModuleLoader | ✅ アプリ読み込み完了 | 成功: 1/1
[2025/7/25 5:06:59] 📦 モジュール読み込み完了 | 成功: 1/1

🎉 スマート単一フォルダ構成テンプレート起動完了

📋 有効なアプリ:
   📄 シンプルサンプル (simple) - v2.0.0

🔗 アクセス先:
   http://localhost:3001

⚙️ 設定変更:
   config.json を編集後、サーバーを再起動してください

[2025/7/25 5:09:00] 📡 GET /api/logs/all | IP: ::1
[2025/7/25 5:09:00] 📚 全ログ一括取得: 13ファイル、820行
[2025/7/25 5:09:00] 📡 GET /api/logs/all | IP: ::1
[2025/7/25 5:09:01] 📚 全ログ一括取得: 13ファイル、820行
[2025/7/25 5:09:56] 📡 GET / | IP: ::1
[2025/7/25 5:09:56] 📡 GET /api/firebase-config | IP: ::1
[2025/7/25 5:09:56] 🔥 Firebase設定を提供
[2025/7/25 5:09:56] 📡 GET /api/info | IP: ::1
[2025/7/25 5:09:56] 📡 GET /api/config | IP: ::1
[2025/7/25 5:09:59] 📡 GET /api/config | IP: ::1
[2025/7/25 5:10:22] 📡 GET /api/logs/files | IP: ::1
[2025/7/25 5:10:22] 📋 ログファイル一覧取得: 13件
[2025/7/25 5:10:24] 📡 GET /api/logs/content/verification-result-2025-07-24.json | IP: ::1
[2025/7/25 5:10:24] 📄 ログファイル読み込み: verification-result-2025-07-24.json (39行)
[2025/7/25 5:10:32] 📡 GET /api/logs/all | IP: ::1
[2025/7/25 5:10:32] 📚 全ログ一括取得: 13ファイル、820行
[2025/7/25 5:10:50] 📡 GET /api/logs/all | IP: ::1
[2025/7/25 5:10:50] 📚 全ログ一括取得: 13ファイル、820行
[2025/7/25 5:10:52] 📡 GET /api/logs/content/test_log_2025-07-24T02-09-45-929Z.json | IP: ::1
[2025/7/25 5:10:52] 📄 ログファイル読み込み: test_log_2025-07-24T02-09-45-929Z.json (63行)
[2025/7/25 5:10:54] 📡 GET /api/logs/all | IP: ::1
[2025/7/25 5:10:54] 📚 全ログ一括取得: 13ファイル、820行
[2025/7/25 5:13:20] 📡 GET / | IP: ::1
[2025/7/25 5:13:31] 📡 GET /api/logs/all | IP: ::1
[2025/7/25 5:13:31] 📚 全ログ一括取得: 13ファイル、820行
[2025/7/25 5:13:39] 📡 GET /api/logs/all | IP: ::1
[2025/7/25 5:13:39] 📚 全ログ一括取得: 13ファイル、820行
[2025/7/25 5:14:08] 🛑 サーバー終了処理開始
[2025/7/25 5:14:08] 📄 SimpleApp | 🧹 シンプルサンプルアプリ クリーンアップ開始
[2025/7/25 5:14:08] 📄 SimpleApp | ✅ シンプルサンプルアプリ クリーンアップ完了
[2025/7/25 5:14:08] [2025/7/25 5:14:08] 🔧 ModuleLoader | 🗑️ アプリアンロード完了 | simple
[2025/7/25 5:14:08] ✅ サーバー終了完了
