[2025/7/25 5:27:46] [2025/7/25 5:27:46] 🔧 ModuleLoader | 📋 設定読み込み完了 | バージョン: 0.3
[2025/7/25 5:27:46] [2025/7/25 5:27:46] 🔧 ModuleLoader | 📋 許可アプリリスト読み込み完了 | 9個のアプリが許可されています
[2025/7/25 5:27:46] [2025/7/25 5:27:46] 🔧 ModuleLoader | 🔧 許可アプリ: money, time, weight, health, todo, note, memo, calc, simple
[2025/7/25 5:27:46] [2025/7/25 5:27:46] 🔧 ModuleLoader | 🔧 モジュールローダー初期化完了
[2025/7/25 5:27:46] 🚀 CommonTemplate v2.0.0 初期化完了 | アプリ: SmartPersonalManager
[2025/7/25 5:27:46] 🔄 v1.0.0 互換性モード対応
[2025/7/25 5:27:46] 🌟 SmartPersonalManager サーバー起動完了 | Port: 3001
[2025/7/25 5:27:46] 🔗 アクセス先: http://localhost:3001
[2025/7/25 5:27:46] [2025/7/25 5:27:46] 🔧 ModuleLoader | 🚀 有効アプリ読み込み開始 | 対象: simple
[2025/7/25 5:27:46] 📄 SimpleApp | 🎯 サンプルデータ生成完了 | 4件追加
[2025/7/25 5:27:46] 📄 SimpleApp | 📄 シンプルサンプルアプリモジュール初期化完了
[2025/7/25 5:27:46] [2025/7/25 5:27:46] 🔧 ModuleLoader | ✅ アプリ読み込み成功 | simple | バージョン: 2.0.0
[2025/7/25 5:27:46] [2025/7/25 5:27:46] 🔧 ModuleLoader | ✅ アプリ読み込み完了 | 成功: 1/1
[2025/7/25 5:27:46] 📦 モジュール読み込み完了 | 成功: 1/1

🎉 スマート単一フォルダ構成テンプレート起動完了

📋 有効なアプリ:
   📄 シンプルサンプル (simple) - v2.0.0

🔗 アクセス先:
   http://localhost:3001

⚙️ 設定変更:
   config.json を編集後、サーバーを再起動してください

[2025/7/25 5:29:42] 📡 GET /api/simple/data | IP: ::1
[2025/7/25 5:29:55] 📡 GET /api/logs/all | IP: ::1
[2025/7/25 5:29:55] 📚 全ログ一括取得: 13ファイル、820行
[2025/7/25 5:30:48] 📡 GET / | IP: ::1
[2025/7/25 5:30:54] 📡 GET / | IP: ::1
[2025/7/25 5:31:18] 📡 GET / | IP: ::1
[2025/7/25 5:31:56] 📡 GET / | IP: ::1
[2025/7/25 5:33:45] 🛑 サーバー終了処理開始
[2025/7/25 5:33:45] 📄 SimpleApp | 🧹 シンプルサンプルアプリ クリーンアップ開始
[2025/7/25 5:33:45] 📄 SimpleApp | ✅ シンプルサンプルアプリ クリーンアップ完了
[2025/7/25 5:33:45] [2025/7/25 5:33:45] 🔧 ModuleLoader | 🗑️ アプリアンロード完了 | simple
[2025/7/25 5:33:45] ✅ サーバー終了完了
