[2025/7/25 5:34:18] [2025/7/25 5:34:18] 🔧 ModuleLoader | 📋 設定読み込み完了 | バージョン: 0.3
[2025/7/25 5:34:18] [2025/7/25 5:34:18] 🔧 ModuleLoader | 📋 許可アプリリスト読み込み完了 | 9個のアプリが許可されています
[2025/7/25 5:34:18] [2025/7/25 5:34:18] 🔧 ModuleLoader | 🔧 許可アプリ: money, time, weight, health, todo, note, memo, calc, simple
[2025/7/25 5:34:18] [2025/7/25 5:34:18] 🔧 ModuleLoader | 🔧 モジュールローダー初期化完了
[2025/7/25 5:34:18] 🚀 CommonTemplate v2.0.0 初期化完了 | アプリ: SmartPersonalManager
[2025/7/25 5:34:18] 🔄 v1.0.0 互換性モード対応
[2025/7/25 5:34:18] 🌟 SmartPersonalManager サーバー起動完了 | Port: 3001
[2025/7/25 5:34:18] 🔗 アクセス先: http://localhost:3001
[2025/7/25 5:34:18] [2025/7/25 5:34:18] 🔧 ModuleLoader | 🚀 有効アプリ読み込み開始 | 対象: simple
[2025/7/25 5:34:18] 📄 SimpleApp | 🎯 サンプルデータ生成完了 | 4件追加
[2025/7/25 5:34:18] 📄 SimpleApp | 📄 シンプルサンプルアプリモジュール初期化完了
[2025/7/25 5:34:18] [2025/7/25 5:34:18] 🔧 ModuleLoader | ✅ アプリ読み込み成功 | simple | バージョン: 2.0.0
[2025/7/25 5:34:18] [2025/7/25 5:34:18] 🔧 ModuleLoader | ✅ アプリ読み込み完了 | 成功: 1/1
[2025/7/25 5:34:18] 📦 モジュール読み込み完了 | 成功: 1/1

🎉 スマート単一フォルダ構成テンプレート起動完了

📋 有効なアプリ:
   📄 シンプルサンプル (simple) - v2.0.0

🔗 アクセス先:
   http://localhost:3001

⚙️ 設定変更:
   config.json を編集後、サーバーを再起動してください

[2025/7/25 5:36:14] 📡 GET / | IP: ::1
[2025/7/25 5:36:33] 📡 GET /api/firebase-config | IP: ::1
[2025/7/25 5:36:33] 🔥 Firebase設定を提供
[2025/7/25 5:36:36] 📡 GET /api/info | IP: ::1
[2025/7/25 5:37:28] 📡 GET / | IP: ::1
[2025/7/25 5:37:41] 📡 GET / | IP: ::1
[2025/7/25 5:39:28] 🛑 サーバー終了処理開始
[2025/7/25 5:39:28] 📄 SimpleApp | 🧹 シンプルサンプルアプリ クリーンアップ開始
[2025/7/25 5:39:28] 📄 SimpleApp | ✅ シンプルサンプルアプリ クリーンアップ完了
[2025/7/25 5:39:28] [2025/7/25 5:39:28] 🔧 ModuleLoader | 🗑️ アプリアンロード完了 | simple
[2025/7/25 5:39:28] ✅ サーバー終了完了
