[2025/7/24 22:39:09] [2025/7/24 22:39:09] 🔧 ModuleLoader | 📋 設定読み込み完了 | バージョン: 1.0
[2025/7/24 22:39:09] [2025/7/24 22:39:09] 🔧 ModuleLoader | 📋 許可アプリリスト読み込み完了 | 9個のアプリが許可されています
[2025/7/24 22:39:09] [2025/7/24 22:39:09] 🔧 ModuleLoader | 🔧 許可アプリ: money, time, weight, health, todo, note, memo, calc, simple
[2025/7/24 22:39:09] [2025/7/24 22:39:09] 🔧 ModuleLoader | 🔧 モジュールローダー初期化完了
[2025/7/24 22:39:09] 🚀 CommonTemplate v2.0.0 初期化完了 | アプリ: SmartPersonalManager
[2025/7/24 22:39:09] 🔄 v1.0.0 互換性モード対応
[2025/7/24 22:39:09] 🌟 SmartPersonalManager サーバー起動完了 | Port: 3001
[2025/7/24 22:39:09] 🔗 アクセス先: http://localhost:3001
[2025/7/24 22:39:09] [2025/7/24 22:39:09] 🔧 ModuleLoader | 🚀 有効アプリ読み込み開始 | 対象: simple
[2025/7/24 22:39:09] 📄 SimpleApp | 🎯 サンプルデータ生成完了 | 3件追加
[2025/7/24 22:39:09] 📄 SimpleApp | 📄 シンプルサンプルアプリモジュール初期化完了
[2025/7/24 22:39:09] [2025/7/24 22:39:09] 🔧 ModuleLoader | ✅ アプリ読み込み成功 | simple | バージョン: 2.0.0
[2025/7/24 22:39:09] [2025/7/24 22:39:09] 🔧 ModuleLoader | ✅ アプリ読み込み完了 | 成功: 1/1
[2025/7/24 22:39:09] 📦 モジュール読み込み完了 | 成功: 1/1

🎉 スマート単一フォルダ構成テンプレート起動完了

📋 有効なアプリ:
   📄 シンプルサンプル (simple) - v2.0.0

🔗 アクセス先:
   http://localhost:3001

⚙️ 設定変更:
   config.json を編集後、サーバーを再起動してください

[2025/7/24 22:41:06] 📡 GET /api/simple/data | IP: ::1
[2025/7/24 22:41:17] 📡 POST /api/simple/add | IP: ::1
[2025/7/24 22:41:17] 📄 SimpleApp | 📄 メッセージ追加 | 新しいテストメッセージです...
[2025/7/24 22:41:17] 📡 GET /api/health | IP: ::1
[2025/7/24 22:42:48] 📡 GET / | IP: ::1
[2025/7/24 22:42:49] 📡 GET /api/firebase-config | IP: ::1
[2025/7/24 22:42:49] 🔥 Firebase設定を提供
[2025/7/24 22:42:49] 📡 GET /api/info | IP: ::1
[2025/7/24 22:42:49] 📡 GET /api/config | IP: ::1
[2025/7/24 22:42:53] 📡 GET /api/config | IP: ::1
[2025/7/24 22:42:57] 📡 GET /api/config | IP: ::1
[2025/7/24 22:43:13] 📡 POST /api/simple/sample-data | IP: ::1
[2025/7/24 22:43:14] 📡 POST /api/simple/sample-data | IP: ::1
[2025/7/24 22:44:36] 📡 GET /api/config | IP: ::1
[2025/7/24 22:53:24] 🛑 サーバー終了処理開始
[2025/7/24 22:53:24] 📄 SimpleApp | 🧹 シンプルサンプルアプリ クリーンアップ開始
[2025/7/24 22:53:24] 📄 SimpleApp | ✅ シンプルサンプルアプリ クリーンアップ完了
[2025/7/24 22:53:24] [2025/7/24 22:53:24] 🔧 ModuleLoader | 🗑️ アプリアンロード完了 | simple
[2025/7/24 22:53:24] ✅ サーバー終了完了
