[2025/7/24 10:55:36] [2025/7/24 10:55:36] 🔧 ModuleLoader | 📋 設定読み込み完了 | バージョン: 2.0
[2025/7/24 10:55:36] [2025/7/24 10:55:36] 🔧 ModuleLoader | 🔧 モジュールローダー初期化完了
[2025/7/24 10:55:36] 🚀 CommonTemplate v2.0.0 初期化完了 | アプリ: SmartPersonalManager
[2025/7/24 10:55:36] 🔄 v1.0.0 互換性モード対応
[2025/7/24 10:55:36] 🌟 SmartPersonalManager サーバー起動完了 | Port: 3001
[2025/7/24 10:55:36] 🔗 アクセス先: http://localhost:3001
[2025/7/24 10:55:36] [2025/7/24 10:55:36] 🔧 ModuleLoader | 🚀 有効アプリ読み込み開始 | 対象: money, time, weight
[2025/7/24 10:55:36] 💰 MoneyApp | 🎯 サンプルデータ生成完了 | 10件追加
[2025/7/24 10:55:36] 💰 MoneyApp | 💰 お金管理アプリモジュール初期化完了
[2025/7/24 10:55:36] [2025/7/24 10:55:36] 🔧 ModuleLoader | ✅ アプリ読み込み成功 | money | バージョン: 2.0.0
[2025/7/24 10:55:36] ⏰ TimeApp | 🎯 サンプルデータ生成完了 | 8件追加
[2025/7/24 10:55:36] ⏰ TimeApp | ⏰ 時間管理アプリモジュール初期化完了
[2025/7/24 10:55:36] [2025/7/24 10:55:36] 🔧 ModuleLoader | ✅ アプリ読み込み成功 | time | バージョン: 2.0.0
[2025/7/24 10:55:36] ⚖️ WeightApp | 🎯 サンプルデータ生成完了 | 30件追加
[2025/7/24 10:55:36] ⚖️ WeightApp | ⚖️ 体重管理アプリモジュール初期化完了
[2025/7/24 10:55:36] [2025/7/24 10:55:36] 🔧 ModuleLoader | ✅ アプリ読み込み成功 | weight | バージョン: 2.0.0
[2025/7/24 10:55:36] [2025/7/24 10:55:36] 🔧 ModuleLoader | ✅ アプリ読み込み完了 | 成功: 3/3
[2025/7/24 10:55:36] 📦 モジュール読み込み完了 | 成功: 3/3

🎉 スマート単一フォルダ構成テンプレート起動完了

📋 有効なアプリ:
   💰 お金管理 (money) - v2.0.0
   ⏰ 時間管理 (time) - v2.0.0
   ⚖️ 体重管理 (weight) - v2.0.0

🔗 アクセス先:
   http://localhost:3001

⚙️ 設定変更:
   config.json を編集後、サーバーを再起動してください

[2025/7/24 10:57:38] 📡 GET /api/info | IP: ::1
[2025/7/24 10:57:47] 📡 POST /api/money/transaction | IP: ::1
[2025/7/24 10:57:47] 💰 MoneyApp | 💰 取引追加 | 収入 | ¥50,000 | 給与
[2025/7/24 10:57:54] 📡 POST /api/money/export-csv | IP: ::1
[2025/7/24 11:06:08] 🛑 サーバー終了処理開始
[2025/7/24 11:06:08] 💰 MoneyApp | 🧹 お金管理アプリ クリーンアップ開始
[2025/7/24 11:06:08] 💰 MoneyApp | ✅ お金管理アプリ クリーンアップ完了
[2025/7/24 11:06:08] [2025/7/24 11:06:08] 🔧 ModuleLoader | 🗑️ アプリアンロード完了 | money
[2025/7/24 11:06:08] ⏰ TimeApp | 🧹 時間管理アプリ クリーンアップ開始
[2025/7/24 11:06:08] ⏰ TimeApp | ✅ 時間管理アプリ クリーンアップ完了
[2025/7/24 11:06:08] [2025/7/24 11:06:08] 🔧 ModuleLoader | 🗑️ アプリアンロード完了 | time
[2025/7/24 11:06:08] ⚖️ WeightApp | 🧹 体重管理アプリ クリーンアップ開始
[2025/7/24 11:06:08] ⚖️ WeightApp | ✅ 体重管理アプリ クリーンアップ完了
[2025/7/24 11:06:08] [2025/7/24 11:06:08] 🔧 ModuleLoader | 🗑️ アプリアンロード完了 | weight
[2025/7/24 11:06:08] ✅ サーバー終了完了
