[2025/7/24 10:12:46] [2025/7/24 10:12:46] 🔧 ModuleLoader | 📋 設定読み込み完了 | バージョン: 2.0
[2025/7/24 10:12:46] [2025/7/24 10:12:46] 🔧 ModuleLoader | 🔧 モジュールローダー初期化完了
[2025/7/24 10:12:46] 🚀 CommonTemplate v2.0.0 初期化完了 | アプリ: SmartPersonalManager
[2025/7/24 10:12:46] 🔄 v1.0.0 互換性モード対応
[2025/7/24 10:12:46] 🌟 SmartPersonalManager サーバー起動完了 | Port: 3001
[2025/7/24 10:12:46] 🔗 アクセス先: http://localhost:3001
[2025/7/24 10:12:46] [2025/7/24 10:12:46] 🔧 ModuleLoader | 🚀 有効アプリ読み込み開始 | 対象: money, time, weight
[2025/7/24 10:12:46] 💰 MoneyApp | 🎯 サンプルデータ生成完了 | 10件追加
[2025/7/24 10:12:46] 💰 MoneyApp | 💰 お金管理アプリモジュール初期化完了
[2025/7/24 10:12:46] [2025/7/24 10:12:46] 🔧 ModuleLoader | ✅ アプリ読み込み成功 | money | バージョン: 2.0.0
[2025/7/24 10:12:46] ⏰ TimeApp | 🎯 サンプルデータ生成完了 | 8件追加
[2025/7/24 10:12:46] ⏰ TimeApp | ⏰ 時間管理アプリモジュール初期化完了
[2025/7/24 10:12:46] [2025/7/24 10:12:46] 🔧 ModuleLoader | ✅ アプリ読み込み成功 | time | バージョン: 2.0.0
[2025/7/24 10:12:46] ⚖️ WeightApp | 🎯 サンプルデータ生成完了 | 30件追加
[2025/7/24 10:12:46] ⚖️ WeightApp | ⚖️ 体重管理アプリモジュール初期化完了
[2025/7/24 10:12:46] [2025/7/24 10:12:46] 🔧 ModuleLoader | ✅ アプリ読み込み成功 | weight | バージョン: 2.0.0
[2025/7/24 10:12:46] [2025/7/24 10:12:46] 🔧 ModuleLoader | ✅ アプリ読み込み完了 | 成功: 3/3
[2025/7/24 10:12:46] 📦 モジュール読み込み完了 | 成功: 3/3

🎉 スマート単一フォルダ構成テンプレート起動完了

📋 有効なアプリ:
   💰 お金管理 (money) - v2.0.0
   ⏰ 時間管理 (time) - v2.0.0
   ⚖️ 体重管理 (weight) - v2.0.0

🔗 アクセス先:
   http://localhost:3001

⚙️ 設定変更:
   config.json を編集後、サーバーを再起動してください

[2025/7/24 10:12:53] 📡 GET /api/health | IP: ::1
[2025/7/24 10:13:04] 📡 GET /api/money/categories | IP: ::1
[2025/7/24 10:13:04] 📡 GET /api/time/categories | IP: ::1
[2025/7/24 10:13:04] 📡 GET /api/weight/profile | IP: ::1
[2025/7/24 10:13:15] 📡 POST /api/generate-test-log | IP: ::1
[2025/7/24 10:13:15] 🧪 テスト用ログ生成開始
[2025/7/24 10:13:15] 📊 サンプルデータ処理中...
[2025/7/24 10:13:15] ✅ テスト処理完了
[2025/7/24 10:13:15] 📄 テスト用ログファイル生成完了 | test_log_2025-07-24T01-13-15-885Z.json
[2025/7/24 10:13:49] 📡 POST /api/money/export/csv | IP: ::1
[2025/7/24 10:13:49] 💰 MoneyApp | 📊 CSV エクスポート | 10件の取引
[2025/7/24 10:16:29] 📡 GET / | IP: ::1
[2025/7/24 10:17:29] 📡 GET /api/health | IP: ::1
[2025/7/24 10:17:40] 📡 GET / | IP: ::1
[2025/7/24 10:20:21] 📡 GET / | IP: ::1
[2025/7/24 10:21:19] 📡 GET / | IP: ::1
[2025/7/24 10:21:46] 🛑 サーバー終了処理開始
[2025/7/24 10:21:46] 💰 MoneyApp | 🧹 お金管理アプリ クリーンアップ開始
[2025/7/24 10:21:46] 💰 MoneyApp | ✅ お金管理アプリ クリーンアップ完了
[2025/7/24 10:21:46] [2025/7/24 10:21:46] 🔧 ModuleLoader | 🗑️ アプリアンロード完了 | money
[2025/7/24 10:21:46] ⏰ TimeApp | 🧹 時間管理アプリ クリーンアップ開始
[2025/7/24 10:21:46] ⏰ TimeApp | ✅ 時間管理アプリ クリーンアップ完了
[2025/7/24 10:21:46] [2025/7/24 10:21:46] 🔧 ModuleLoader | 🗑️ アプリアンロード完了 | time
[2025/7/24 10:21:46] ⚖️ WeightApp | 🧹 体重管理アプリ クリーンアップ開始
[2025/7/24 10:21:46] ⚖️ WeightApp | ✅ 体重管理アプリ クリーンアップ完了
[2025/7/24 10:21:46] [2025/7/24 10:21:46] 🔧 ModuleLoader | 🗑️ アプリアンロード完了 | weight
[2025/7/24 10:21:46] ✅ サーバー終了完了
