[2025/7/24 12:50:44] [2025/7/24 12:50:44] 🔧 ModuleLoader | 📋 設定読み込み完了 | バージョン: 2.0
[2025/7/24 12:50:44] [2025/7/24 12:50:44] 🔧 ModuleLoader | 🔧 モジュールローダー初期化完了
[2025/7/24 12:50:44] 🚀 CommonTemplate v2.0.0 初期化完了 | アプリ: SmartPersonalManager
[2025/7/24 12:50:44] 🔄 v1.0.0 互換性モード対応
[2025/7/24 12:50:44] 🌟 SmartPersonalManager サーバー起動完了 | Port: 3001
[2025/7/24 12:50:44] 🔗 アクセス先: http://localhost:3001
[2025/7/24 12:50:44] [2025/7/24 12:50:44] 🔧 ModuleLoader | 🚀 有効アプリ読み込み開始 | 対象: money, time, weight, memo
[2025/7/24 12:50:44] 💰 MoneyApp | 🎯 サンプルデータ生成完了 | 10件追加
[2025/7/24 12:50:44] 💰 MoneyApp | 💰 お金管理アプリモジュール初期化完了
[2025/7/24 12:50:44] [2025/7/24 12:50:44] 🔧 ModuleLoader | ✅ アプリ読み込み成功 | money | バージョン: 2.0.0
[2025/7/24 12:50:44] ⏰ サンプルデータ生成完了 | 8件追加
[2025/7/24 12:50:44] ⏰ 時間管理アプリモジュール初期化完了
[2025/7/24 12:50:44] [2025/7/24 12:50:44] 🔧 ModuleLoader | ✅ アプリ読み込み成功 | time | バージョン: 2.0.0
[2025/7/24 12:50:44] ⚖️ サンプルデータ生成完了 | 30件追加
[2025/7/24 12:50:44] ⚖️ 体重管理アプリモジュール初期化完了
[2025/7/24 12:50:44] [2025/7/24 12:50:44] 🔧 ModuleLoader | ✅ アプリ読み込み成功 | weight | バージョン: 2.0.0
[2025/7/24 12:50:44] 📝 サンプルデータ生成完了 | 5件追加
[2025/7/24 12:50:44] 📝 メモ管理アプリモジュール初期化完了
[2025/7/24 12:50:44] [2025/7/24 12:50:44] 🔧 ModuleLoader | ✅ アプリ読み込み成功 | memo | バージョン: 2.0.0
[2025/7/24 12:50:44] [2025/7/24 12:50:44] 🔧 ModuleLoader | ✅ アプリ読み込み完了 | 成功: 4/4
[2025/7/24 12:50:44] 📦 モジュール読み込み完了 | 成功: 4/4

🎉 スマート単一フォルダ構成テンプレート起動完了

📋 有効なアプリ:
   💰 お金管理 (money) - v2.0.0
   ⏰ 時間管理 (time) - v2.0.0
   ⚖️ 体重管理 (weight) - v2.0.0
   📝 メモ管理 (memo) - v2.0.0

🔗 アクセス先:
   http://localhost:3001

⚙️ 設定変更:
   config.json を編集後、サーバーを再起動してください

[2025/7/24 12:51:03] 📡 GET / | IP: ::1
[2025/7/24 12:51:03] 📡 GET /api/firebase-config | IP: ::1
[2025/7/24 12:51:03] 🔥 Firebase設定を提供
[2025/7/24 12:51:03] 📡 GET /api/info | IP: ::1
[2025/7/24 12:51:03] 📡 GET /api/config | IP: ::1
[2025/7/24 12:51:33] 📡 GET /api/memo/data | IP: ::1
[2025/7/24 12:51:33] 📡 GET /api/memo/data | IP: ::1
[2025/7/24 13:13:43] 🛑 サーバー終了処理開始
[2025/7/24 13:13:43] 💰 MoneyApp | 🧹 お金管理アプリ クリーンアップ開始
[2025/7/24 13:13:43] 💰 MoneyApp | ✅ お金管理アプリ クリーンアップ完了
[2025/7/24 13:13:43] [2025/7/24 13:13:43] 🔧 ModuleLoader | 🗑️ アプリアンロード完了 | money
[2025/7/24 13:13:43] [2025/7/24 13:13:43] 🔧 ModuleLoader | 🗑️ アプリアンロード完了 | time
[2025/7/24 13:13:43] [2025/7/24 13:13:43] 🔧 ModuleLoader | 🗑️ アプリアンロード完了 | weight
[2025/7/24 13:13:43] [2025/7/24 13:13:43] 🔧 ModuleLoader | 🗑️ アプリアンロード完了 | memo
[2025/7/24 13:13:43] ✅ サーバー終了完了
