[2025/7/24 9:07:08] 🚀 MoneyApp 共通システム初期化完了
[2025/7/24 9:07:08] 💰 お金管理アプリ初期化完了
[2025/7/24 9:07:08] 🌟 MoneyApp サーバー起動完了 | Port: 3001
[2025/7/24 9:07:08] 🔗 アクセス先: http://localhost:3001
[2025/7/24 9:07:08] 💰 お金管理アプリ起動完了
[2025/7/24 9:07:08] 🌐 ブラウザで http://localhost:3001 にアクセスしてください
[2025/7/24 9:07:08] 🎯 サンプルデータ生成完了 | 10件追加
[2025/7/24 9:07:15] 📡 GET /api/health | IP: ::1
[2025/7/24 9:07:25] 📡 POST /api/money/export/csv | IP: ::1
[2025/7/24 9:07:25] 📊 CSV エクスポート | 10件の取引
[2025/7/24 9:07:40] 📡 POST /api/generate-test-log | IP: ::1
[2025/7/24 9:07:40] 🧪 テスト用ログ生成開始
[2025/7/24 9:07:40] 📊 サンプルデータ処理中...
[2025/7/24 9:07:40] ✅ テスト処理完了
[2025/7/24 9:07:40] 📄 テスト用ログファイル生成完了 | test_log_2025-07-24T00-07-40-736Z.json
[2025/7/24 9:10:13] 📡 GET / | IP: ::1
[2025/7/24 9:10:13] 📡 GET /api/money/categories | IP: ::1
[2025/7/24 9:10:13] 📡 GET /favicon.ico | IP: ::1
[2025/7/24 9:10:37] 📡 POST /api/money/transaction | IP: ::1
[2025/7/24 9:10:37] 💰 取引追加 | 収入 | ¥5,000 | 副業
[2025/7/24 9:10:37] 📡 GET /api/money/transactions | IP: ::1
[2025/7/24 9:10:53] 📡 POST /api/money/export/csv | IP: ::1
[2025/7/24 9:10:53] 📊 CSV エクスポート | 11件の取引
[2025/7/24 9:23:50] 📡 POST /api/generate-test-log | IP: ::1
[2025/7/24 9:23:50] 🧪 テスト用ログ生成開始
[2025/7/24 9:23:50] 📊 サンプルデータ処理中...
[2025/7/24 9:23:50] ✅ テスト処理完了
[2025/7/24 9:23:50] 📄 テスト用ログファイル生成完了 | test_log_2025-07-24T00-23-50-884Z.json
[2025/7/24 9:24:29] 📡 POST /api/money/export/csv | IP: ::1
[2025/7/24 9:24:29] 📊 CSV エクスポート | 10件の取引
[2025/7/24 9:46:07] 📡 GET /api/money/transactions | IP: ::1
[2025/7/24 10:11:41] 🛑 サーバー終了処理開始
[2025/7/24 10:11:41] ✅ サーバー終了完了
